d:\documents\visual studio stuff\projects\opengl\bin\intermediates\win32\debug\vc142.pdb
d:\documents\visual studio stuff\projects\opengl\bin\intermediates\win32\debug\vc142.idb
d:\documents\visual studio stuff\projects\opengl\bin\intermediates\win32\debug\vertexbuffer.obj
d:\documents\visual studio stuff\projects\opengl\bin\intermediates\win32\debug\renderer.obj
d:\documents\visual studio stuff\projects\opengl\bin\intermediates\win32\debug\application.obj
d:\documents\visual studio stuff\projects\opengl\bin\intermediates\win32\debug\indexbuffer.obj
d:\documents\visual studio stuff\projects\opengl\bin\intermediates\win32\debug\shader.obj
d:\documents\visual studio stuff\projects\opengl\bin\intermediates\win32\debug\vertexarray.obj
d:\documents\visual studio stuff\projects\opengl\bin\intermediates\win32\debug\stb_image.obj
d:\documents\visual studio stuff\projects\opengl\bin\intermediates\win32\debug\glm.obj
d:\documents\visual studio stuff\projects\opengl\bin\intermediates\win32\debug\texture.obj
d:\documents\visual studio stuff\projects\opengl\bin\intermediates\win32\debug\imgui_widgets.obj
d:\documents\visual studio stuff\projects\opengl\bin\intermediates\win32\debug\imgui_draw.obj
d:\documents\visual studio stuff\projects\opengl\bin\intermediates\win32\debug\imgui_demo.obj
d:\documents\visual studio stuff\projects\opengl\bin\intermediates\win32\debug\imgui.obj
d:\documents\visual studio stuff\projects\opengl\bin\intermediates\win32\debug\imgui_impl_opengl3.obj
d:\documents\visual studio stuff\projects\opengl\bin\intermediates\win32\debug\imgui_impl_glfw.obj
d:\documents\visual studio stuff\projects\opengl\bin\win32\debug\opengl.exe
d:\documents\visual studio stuff\projects\opengl\bin\win32\debug\opengl.ilk
d:\documents\visual studio stuff\projects\opengl\bin\win32\debug\opengl.pdb
d:\documents\visual studio stuff\projects\opengl\bin\intermediates\win32\debug\opengl.tlog\cl.command.1.tlog
d:\documents\visual studio stuff\projects\opengl\bin\intermediates\win32\debug\opengl.tlog\cl.read.1.tlog
d:\documents\visual studio stuff\projects\opengl\bin\intermediates\win32\debug\opengl.tlog\cl.write.1.tlog
d:\documents\visual studio stuff\projects\opengl\bin\intermediates\win32\debug\opengl.tlog\link.command.1.tlog
d:\documents\visual studio stuff\projects\opengl\bin\intermediates\win32\debug\opengl.tlog\link.read.1.tlog
d:\documents\visual studio stuff\projects\opengl\bin\intermediates\win32\debug\opengl.tlog\link.write.1.tlog
